
May 21, 2024 13:20:16.52 NEW SESSION
May 21, 2024 13:20:17.41 [9596:7284:0521/132016.481:ERROR:account_info_fetcher.cc(62)] OnGetTokenFailure: Connection failed (-106).
May 21, 2024 13:23:18.17 [9596:8656:0521/132318.138:ERROR:connection_factory_impl.cc(434)] Failed to connect to MCS endpoint with error -105

May 21, 2024 14:07:16.49 NEW SESSION
May 21, 2024 14:07:21.32 [6608:6520:0521/140715.817:ERROR:connection_factory_impl.cc(434)] Failed to connect to MCS endpoint with error -105

May 23, 2024 18:48:45.88 NEW SESSION
May 23, 2024 18:48:47.10 Client requested cancel during Invoke()
May 23, 2024 18:53:16.07 [976:8384:0523/185316.009:ERROR:device_event_log_impl.cc(195)] [18:53:16.008] Bluetooth: bluetooth_adapter_winrt.cc:1056 Getting Default Adapter failed.
May 23, 2024 18:53:28.57 Client requested cancel during Invoke()
May 23, 2024 19:25:40.67 [976:1076:0523/192540.643:ERROR:connection_factory_impl.cc(483)] ConnectionHandler failed with net error: -2
May 23, 2024 20:30:58.07 [976:1076:0523/203058.040:ERROR:connection_factory_impl.cc(483)] ConnectionHandler failed with net error: -2
May 23, 2024 21:40:34.12 [976:1076:0523/214033.764:ERROR:connection_factory_impl.cc(483)] ConnectionHandler failed with net error: -2
May 23, 2024 21:40:40.03 [976:1076:0523/214039.089:ERROR:connection_factory_impl.cc(434)] Failed to connect to MCS endpoint with error -105
May 23, 2024 21:42:25.39 [976:1048:0523/214225.364:ERROR:get_updates_processor.cc(263)] PostClientToServerMessage() failed during GetUpdates with error Network error (ERR_NETWORK_CHANGED)
May 23, 2024 21:55:32.82 [976:1076:0523/215532.778:ERROR:connection_factory_impl.cc(483)] ConnectionHandler failed with net error: -2
May 24, 2024 02:15:29.05 [976:1076:0524/021529.024:ERROR:connection_factory_impl.cc(483)] ConnectionHandler failed with net error: -2
May 24, 2024 02:16:19.94 [976:1076:0524/021619.924:ERROR:connection_factory_impl.cc(434)] Failed to connect to MCS endpoint with error -105

May 25, 2024 12:21:10.49 NEW SESSION
May 25, 2024 12:21:14.83 [7248:2504:0525/122110.297:ERROR:connection_factory_impl.cc(434)] Failed to connect to MCS endpoint with error -105

Jun 13, 2024 17:04:47.83 NEW SESSION
Jun 13, 2024 17:04:49.25 [3648:8916:0613/170447.575:ERROR:extension_registrar.cc(539)] Failed to unregister service worker for extension bkdgflcldnnnapblkhphbgpggdiikppg

Jun 14, 2024 06:49:46.08 NEW SESSION
Jun 14, 2024 06:49:55.98 [7180:1744:0614/064945.807:ERROR:registration_request.cc(274)] Registration URL fetching failed.
Jun 14, 2024 06:49:56.01 [7180:1744:0614/064945.807:ERROR:registration_request.cc(274)] Registration URL fetching failed.
Jun 14, 2024 06:49:56.02 [7180:1744:0614/064945.808:ERROR:registration_request.cc(274)] Registration URL fetching failed.
Jun 14, 2024 06:49:56.02 [7180:1744:0614/064945.808:ERROR:registration_request.cc(274)] Registration URL fetching failed.
Jun 14, 2024 06:50:06.10 [7180:1744:0614/065006.103:ERROR:registration_request.cc(274)] Registration URL fetching failed.
Jun 14, 2024 06:50:06.46 [7180:1744:0614/065006.465:ERROR:registration_request.cc(274)] Registration URL fetching failed.
Jun 14, 2024 06:50:07.49 [7180:1744:0614/065007.491:ERROR:registration_request.cc(274)] Registration URL fetching failed.
Jun 14, 2024 06:50:13.75 Client requested cancel during Invoke()
Jun 14, 2024 06:50:14.98 [7180:1744:0614/065014.988:ERROR:registration_request.cc(274)] Registration URL fetching failed.

Jun 18, 2024 18:10:48.23 NEW SESSION
Jun 18, 2024 18:10:51.34 [1212:8672:0618/181044.014:ERROR:connection_factory_impl.cc(434)] Failed to connect to MCS endpoint with error -105
